0 info it worked if it ends with ok
1 verbose cli [ '/Users/jonnypickard/local/bin/node',
1 verbose cli   '/Users/jonnypickard/local/bin/npm',
1 verbose cli   'start' ]
2 info using npm@3.10.6
3 info using node@v6.5.0
4 verbose run-script [ 'prestart', 'start', 'poststart' ]
5 info lifecycle loginapp@0.0.0~prestart: loginapp@0.0.0
6 silly lifecycle loginapp@0.0.0~prestart: no script for prestart, continuing
7 info lifecycle loginapp@0.0.0~start: loginapp@0.0.0
8 verbose lifecycle loginapp@0.0.0~start: unsafe-perm in lifecycle true
9 verbose lifecycle loginapp@0.0.0~start: PATH: /Users/jonnypickard/local/lib/node_modules/npm/bin/node-gyp-bin:/Users/jonnypickard/projects/loginapp/node_modules/.bin:/Library/Frameworks/Python.framework/Versions/2.7/bin:/Users/jonnypickard/local/bin:/usr/local/bin:/usr/bin:/bin:/usr/sbin:/sbin:/Library/Frameworks/Python.framework/Versions/2.7/bin:/Users/jonnypickard/.sdkman/candidates/groovy/current/bin:/Users/jonnypickard/.sdkman/candidates/grails/current/bin:/Users/jonnypickard/local/bin:/Users/jonnypickard/.rvm/bin:/Users/jonnypickard/.rvm/bin:/Users/jonnypickard/.rvm/bin
10 verbose lifecycle loginapp@0.0.0~start: CWD: /Users/jonnypickard/projects/loginapp
11 silly lifecycle loginapp@0.0.0~start: Args: [ '-c', 'node ./bin/www' ]
12 silly lifecycle loginapp@0.0.0~start: Returned: code: 1  signal: null
13 info lifecycle loginapp@0.0.0~start: Failed to exec start script
14 verbose stack Error: loginapp@0.0.0 start: `node ./bin/www`
14 verbose stack Exit status 1
14 verbose stack     at EventEmitter.<anonymous> (/Users/jonnypickard/local/lib/node_modules/npm/lib/utils/lifecycle.js:255:16)
14 verbose stack     at emitTwo (events.js:106:13)
14 verbose stack     at EventEmitter.emit (events.js:191:7)
14 verbose stack     at ChildProcess.<anonymous> (/Users/jonnypickard/local/lib/node_modules/npm/lib/utils/spawn.js:40:14)
14 verbose stack     at emitTwo (events.js:106:13)
14 verbose stack     at ChildProcess.emit (events.js:191:7)
14 verbose stack     at maybeClose (internal/child_process.js:877:16)
14 verbose stack     at Process.ChildProcess._handle.onexit (internal/child_process.js:226:5)
15 verbose pkgid loginapp@0.0.0
16 verbose cwd /Users/jonnypickard/projects/loginapp
17 error Darwin 15.4.0
18 error argv "/Users/jonnypickard/local/bin/node" "/Users/jonnypickard/local/bin/npm" "start"
19 error node v6.5.0
20 error npm  v3.10.6
21 error code ELIFECYCLE
22 error loginapp@0.0.0 start: `node ./bin/www`
22 error Exit status 1
23 error Failed at the loginapp@0.0.0 start script 'node ./bin/www'.
23 error Make sure you have the latest version of node.js and npm installed.
23 error If you do, this is most likely a problem with the loginapp package,
23 error not with npm itself.
23 error Tell the author that this fails on your system:
23 error     node ./bin/www
23 error You can get information on how to open an issue for this project with:
23 error     npm bugs loginapp
23 error Or if that isn't available, you can get their info via:
23 error     npm owner ls loginapp
23 error There is likely additional logging output above.
24 verbose exit [ 1, true ]
